<?xml version="1.0" encoding="UTF-8"?>
<!-- Generated by org.testng.reporters.JUnitReportReporter -->
<testsuite skipped="0" hostname="Admin-??" name="com.mockaroo.MockarooDataValidation" tests="12" failures="0" timestamp="10 Nov 2018 19:10:34 GMT" time="39.986" errors="0">
  <testcase name="titleVerification" time="4.525" classname="com.mockaroo.MockarooDataValidation"/>
  <testcase name="logoVerification" time="0.650" classname="com.mockaroo.MockarooDataValidation"/>
  <testcase name="removeFields" time="14.497" classname="com.mockaroo.MockarooDataValidation"/>
  <testcase name="assertNameTypeOption" time="0.415" classname="com.mockaroo.MockarooDataValidation"/>
  <testcase name="addAnotherField" time="0.116" classname="com.mockaroo.MockarooDataValidation"/>
  <testcase name="rowNumber" time="0.094" classname="com.mockaroo.MockarooDataValidation"/>
  <testcase name="formatValue" time="0.323" classname="com.mockaroo.MockarooDataValidation"/>
  <testcase name="lineEnding" time="0.297" classname="com.mockaroo.MockarooDataValidation"/>
  <testcase name="headerAndBom" time="0.230" classname="com.mockaroo.MockarooDataValidation"/>
  <testcase name="addingAnotherField" time="18.735" classname="com.mockaroo.MockarooDataValidation"/>
  <testcase name="readExcelFile" time="0.009" classname="com.mockaroo.MockarooDataValidation"/>
  <testcase name="addCityandCountry" time="0.095" classname="com.mockaroo.MockarooDataValidation"/>
</testsuite> <!-- com.mockaroo.MockarooDataValidation -->
